<?xml version="1.0" encoding="UTF-8"?>
<!-- Generated by org.testng.reporters.JUnitReportReporter -->
<testsuite hostname="DESKTOP-3SNRJKF" failures="0" tests="2" name="Testcases.LandingPageTest" time="6.672" errors="0" timestamp="2022-09-08T19:50:43 IST" skipped="0">
  <testcase classname="Testcases.LandingPageTest" name="checkToolListTest" time="1.019"/>
  <system-out/>
  <testcase classname="Testcases.LandingPageTest" name="openAppsTest" time="5.653"/>
  <system-out/>
</testsuite> <!-- Testcases.LandingPageTest -->
