<?xml version="1.0" encoding="UTF-8"?>
<!-- Generated by org.testng.reporters.JUnitReportReporter -->
<testsuite hostname="DESKTOP-3SNRJKF" failures="0" tests="2" name="Testcases.LandingPageTest" time="9.479" errors="0" timestamp="2022-09-08T19:52:07 IST" skipped="0">
  <testcase classname="Testcases.LandingPageTest" name="checkToolListTest" time="1.554"/>
  <system-out/>
  <testcase classname="Testcases.LandingPageTest" name="openAppsTest" time="7.925"/>
  <system-out/>
</testsuite> <!-- Testcases.LandingPageTest -->
